<?xml version="1.0" encoding="UTF-8"?>
<!-- Generated by org.testng.reporters.JUnitReportReporter -->
<testsuite hostname="Meena" failures="0" tests="5" name="testCases.TC_003_LoginDDT" time="86.011" errors="0" timestamp="2024-01-02T15:41:01 IST" skipped="0">
  <testcase classname="testCases.TC_003_LoginDDT" name="test_LoginDDT" time="21.240"/>
  <testcase classname="testCases.TC_003_LoginDDT" name="test_LoginDDT" time="21.182"/>
  <testcase classname="testCases.TC_003_LoginDDT" name="test_LoginDDT" time="21.209"/>
  <testcase classname="testCases.TC_003_LoginDDT" name="test_LoginDDT" time="1.638"/>
  <testcase classname="testCases.TC_003_LoginDDT" name="test_LoginDDT" time="20.742"/>
</testsuite> <!-- testCases.TC_003_LoginDDT -->
