<?xml version="1.0" encoding="UTF-8"?>
<!-- Generated by org.testng.reporters.JUnitReportReporter -->
<testsuite hostname="Meena" failures="0" tests="1" name="testCases.TC_001_AccountResgistrationTest" time="3.693" errors="0" timestamp="2024-01-02T10:53:18 IST" skipped="0">
  <testcase classname="testCases.TC_001_AccountResgistrationTest" name="test_account_Registration" time="3.693"/>
</testsuite> <!-- testCases.TC_001_AccountResgistrationTest -->
